<?xml version="1.0" encoding="UTF-8"?>
<testng-results ignored="0" total="1" passed="1" failed="0" skipped="0">
  <reporter-output>
  </reporter-output>
  <suite started-at="2025-10-06T00:21:23 IST" name="Default suite" finished-at="2025-10-06T00:22:00 IST" duration-ms="36459">
    <groups>
    </groups>
    <test started-at="2025-10-06T00:21:23 IST" name="Default test" finished-at="2025-10-06T00:22:00 IST" duration-ms="36459">
      <class name="com.saucedemo.test.itemspage_Test">
        <test-method is-config="true" signature="launchBrowser(java.lang.String)[pri:0, instance:com.saucedemo.test.itemspage_Test@292b08d6]" started-at="2025-10-06T00:21:24 IST" name="launchBrowser" finished-at="2025-10-06T00:21:27 IST" duration-ms="3182" status="PASS">
          <params>
            <param index="0">
              <value>
                <![CDATA[chrome]]>
              </value>
            </param>
          </params>
          <reporter-output>
          </reporter-output>
        </test-method> <!-- launchBrowser -->
        <test-method signature="bugtest()[pri:1, instance:com.saucedemo.test.itemspage_Test@292b08d6]" started-at="2025-10-06T00:21:27 IST" name="bugtest" finished-at="2025-10-06T00:21:59 IST" duration-ms="32721" status="PASS">
          <reporter-output>
          </reporter-output>
        </test-method> <!-- bugtest -->
        <test-method is-config="true" signature="closeBrowser()[pri:0, instance:com.saucedemo.test.itemspage_Test@292b08d6]" started-at="2025-10-06T00:21:59 IST" name="closeBrowser" finished-at="2025-10-06T00:22:00 IST" duration-ms="481" status="PASS">
          <reporter-output>
          </reporter-output>
        </test-method> <!-- closeBrowser -->
      </class> <!-- com.saucedemo.test.itemspage_Test -->
    </test> <!-- Default test -->
  </suite> <!-- Default suite -->
</testng-results>
