<?xml version="1.0" encoding="UTF-8"?>
<testng-results ignored="0" total="1" passed="1" failed="0" skipped="0">
  <reporter-output>
  </reporter-output>
  <suite started-at="2025-10-06T13:32:21 IST" name="Suite" finished-at="2025-10-06T13:32:58 IST" duration-ms="37062">
    <groups>
    </groups>
    <test started-at="2025-10-06T13:32:21 IST" name="Test" finished-at="2025-10-06T13:32:58 IST" duration-ms="37062">
      <class name="com.saucedemo.test.itemspage_Test">
        <test-method is-config="true" signature="launchBrowser(java.lang.String)[pri:0, instance:com.saucedemo.test.itemspage_Test@1d296da]" started-at="2025-10-06T13:32:21 IST" name="launchBrowser" finished-at="2025-10-06T13:32:25 IST" duration-ms="4050" status="PASS">
          <params>
            <param index="0">
              <value>
                <![CDATA[chrome]]>
              </value>
            </param>
          </params>
          <reporter-output>
          </reporter-output>
        </test-method> <!-- launchBrowser -->
        <test-method signature="bugtest()[pri:1, instance:com.saucedemo.test.itemspage_Test@1d296da]" started-at="2025-10-06T13:32:25 IST" name="bugtest" finished-at="2025-10-06T13:32:57 IST" duration-ms="32644" status="PASS">
          <reporter-output>
          </reporter-output>
        </test-method> <!-- bugtest -->
        <test-method is-config="true" signature="closeBrowser()[pri:0, instance:com.saucedemo.test.itemspage_Test@1d296da]" started-at="2025-10-06T13:32:57 IST" name="closeBrowser" finished-at="2025-10-06T13:32:58 IST" duration-ms="300" status="PASS">
          <reporter-output>
          </reporter-output>
        </test-method> <!-- closeBrowser -->
      </class> <!-- com.saucedemo.test.itemspage_Test -->
    </test> <!-- Test -->
  </suite> <!-- Suite -->
</testng-results>
